<?xml version="1.0" encoding="UTF-8"?>
<testsuites tests="21" failures="1" disabled="0" errors="0" time="1.488" timestamp="2019-10-22T16:09:29" name="AllTests">
  <testsuite name="Get_Info" tests="1" failures="0" disabled="0" errors="0" time="0.02" timestamp="2019-10-22T16:09:29">
    <testcase name="info_endpoint" status="run" result="completed" time="0.02" timestamp="2019-10-22T16:09:29" classname="Get_Info" />
  </testsuite>
  <testsuite name="TestPackage" tests="7" failures="1" disabled="0" errors="0" time="0.889" timestamp="2019-10-22T16:09:29">
    <testcase name="POST_without_endpoint_argument_update" status="run" result="completed" time="0.006" timestamp="2019-10-22T16:09:29" classname="TestPackage" />
    <testcase name="POST_with_onemore_argument" status="run" result="completed" time="0.005" timestamp="2019-10-22T16:09:29" classname="TestPackage" />
    <testcase name="POST_test_no_file" status="run" result="completed" time="0.054" timestamp="2019-10-22T16:09:29" classname="TestPackage" />
    <testcase name="POST_test_bad_file" status="run" result="completed" time="0.055" timestamp="2019-10-22T16:09:29" classname="TestPackage" />
    <testcase name="POST_test_pkg_unable_to_install_command" status="run" result="completed" time="0.028" timestamp="2019-10-22T16:09:29" classname="TestPackage" />
    <testcase name="break_request" status="run" result="completed" time="0.201" timestamp="2019-10-22T16:09:29" classname="TestPackage" />
    <testcase name="break_request_POST_again_POST" status="run" result="completed" time="0.537" timestamp="2019-10-22T16:09:30" classname="TestPackage">
      <failure message="C:\Views\UpdateService\gTests\basic_tests\TestPackage.cpp:248&#x0A;Expected equality of these values:&#x0A;  status_codes::InternalError&#x0A;    Which is: 500&#x0A;  response.status_code()&#x0A;    Which is: 400&#x0A;Response: no file!" type=""><![CDATA[C:\Views\UpdateService\gTests\basic_tests\TestPackage.cpp:248
Expected equality of these values:
  status_codes::InternalError
    Which is: 500
  response.status_code()
    Which is: 400
Response: no file!]]></failure>
    </testcase>
  </testsuite>
  <testsuite name="Get_Info_Package" tests="13" failures="0" disabled="0" errors="0" time="0.576" timestamp="2019-10-22T16:09:30">
    <testcase name="break_POST_request_then_GET" status="run" result="completed" time="0.518" timestamp="2019-10-22T16:09:30" classname="Get_Info_Package" />
    <testcase name="info_request_with_POST" status="run" result="completed" time="0.011" timestamp="2019-10-22T16:09:31" classname="Get_Info_Package" />
    <testcase name="pkg_info_plc5_with_POST" status="run" result="completed" time="0.003" timestamp="2019-10-22T16:09:31" classname="Get_Info_Package" />
    <testcase name="pkg_update_status_with_POST" status="run" result="completed" time="0.002" timestamp="2019-10-22T16:09:31" classname="Get_Info_Package" />
    <testcase name="pkg_update_log_with_POST" status="run" result="completed" time="0.003" timestamp="2019-10-22T16:09:31" classname="Get_Info_Package" />
    <testcase name="info_request_endpoint" status="run" result="completed" time="0.004" timestamp="2019-10-22T16:09:31" classname="Get_Info_Package" />
    <testcase name="pkg_info_plc5_OK" status="run" result="completed" time="0.004" timestamp="2019-10-22T16:09:31" classname="Get_Info_Package" />
    <testcase name="pkg_update_status_endPoint_OK" status="run" result="completed" time="0.004" timestamp="2019-10-22T16:09:31" classname="Get_Info_Package" />
    <testcase name="pkg_update_log_OK" status="run" result="completed" time="0.004" timestamp="2019-10-22T16:09:31" classname="Get_Info_Package" />
    <testcase name="notExist_EndPoint" status="run" result="completed" time="0.002" timestamp="2019-10-22T16:09:31" classname="Get_Info_Package" />
    <testcase name="wrong_info_argument" status="run" result="completed" time="0.004" timestamp="2019-10-22T16:09:31" classname="Get_Info_Package" />
    <testcase name="without_path_arguments" status="run" result="completed" time="0.005" timestamp="2019-10-22T16:09:31" classname="Get_Info_Package" />
    <testcase name="only_first_argument" status="run" result="completed" time="0.004" timestamp="2019-10-22T16:09:31" classname="Get_Info_Package" />
  </testsuite>
</testsuites>
